This is pdfTeX, Version 3.14159265-2.6-1.40.21 (MiKTeX 21.1) (preloaded format=pdflatex 2021.1.18)  2 JUN 2021 20:24
entering extended mode
**c:/Git/Pre_Fisica_USB/FS-2211/Resumenes/R-FS2211.tex
(c:/Git/Pre_Fisica_USB/FS-2211/Resumenes/R-FS2211.tex
LaTeX2e <2020-10-01> patch level 4
L3 programming layer <2021-01-09> xparse <2020-03-03> ("C:\Users\Junior\AppData\Local\Programs\MiKTeX 2.9\tex/latex/base\article.cls"
Document Class: article 2020/04/10 v1.4m Standard LaTeX document class
("C:\Users\Junior\AppData\Local\Programs\MiKTeX 2.9\tex/latex/base\size10.clo"
File: size10.clo 2020/04/10 v1.4m Standard LaTeX file (size option)
)
\c@part=\count177
\c@section=\count178
\c@subsection=\count179
\c@subsubsection=\count180
\c@paragraph=\count181
\c@subparagraph=\count182
\c@figure=\count183
\c@table=\count184
\abovecaptionskip=\skip47
\belowcaptionskip=\skip48
\bibindent=\dimen138
) ("C:\Users\Junior\AppData\Local\Programs\MiKTeX 2.9\tex/generic/babel\babel.sty"
Package: babel 2020/12/16 3.52 The Babel package
 ("C:\Users\Junior\AppData\Local\Programs\MiKTeX 2.9\tex/generic/babel\babel.def"
File: babel.def 2020/12/16 3.52 Babel common definitions
\babel@savecnt=\count185
\U@D=\dimen139
\l@babelnohyphens=\language79
 ("C:\Users\Junior\AppData\Local\Programs\MiKTeX 2.9\tex/generic/babel\txtbabel.def")
\bbl@readstream=\read2
)
\bbl@dirlevel=\count186

*************************************
* Local config file bblopts.cfg used
*
("C:\Users\Junior\AppData\Local\Programs\MiKTeX 2.9\tex/latex/arabi\bblopts.cfg"
File: bblopts.cfg 2005/09/08 v0.1 add Arabic and Farsi to "declared" options of babel
)
Package babel Info: You haven't specified a language. I'll use 'nil'
(babel)             as the main language. Reported on input line 1158.
 ("C:\Users\Junior\AppData\Local\Programs\MiKTeX 2.9\tex/generic/babel\nil.ldf"
Language: nil 2020/12/16 3.52 Nil language
\l@nil=\language80
)) ("C:\Users\Junior\AppData\Local\Programs\MiKTeX 2.9\tex/latex/base\inputenc.sty"
Package: inputenc 2020/08/01 v1.3d Input encoding file
\inpenc@prehook=\toks15
\inpenc@posthook=\toks16
) ("C:\Users\Junior\AppData\Local\Programs\MiKTeX 2.9\tex/latex/psnfss\bookman.sty"
Package: bookman 2020/03/25 PSNFSS-v9.3 (SPQR) 
) ("C:\Users\Junior\AppData\Local\Programs\MiKTeX 2.9\tex/latex/graphics\color.sty"
Package: color 2020/02/24 v1.2b Standard LaTeX Color (DPC)
 ("C:\Users\Junior\AppData\Local\Programs\MiKTeX 2.9\tex/latex/graphics-cfg\color.cfg"
File: color.cfg 2016/01/02 v1.6 sample color configuration
)
Package color Info: Driver file: pdftex.def on input line 147.
 ("C:\Users\Junior\AppData\Local\Programs\MiKTeX 2.9\tex/latex/graphics-def\pdftex.def"
File: pdftex.def 2020/10/05 v1.2a Graphics/color driver for pdftex
)) ("C:\Users\Junior\AppData\Local\Programs\MiKTeX 2.9\tex/latex/graphics\graphicx.sty"
Package: graphicx 2020/09/09 v1.2b Enhanced LaTeX Graphics (DPC,SPQR)
 ("C:\Users\Junior\AppData\Local\Programs\MiKTeX 2.9\tex/latex/graphics\keyval.sty"
Package: keyval 2014/10/28 v1.15 key=value parser (DPC)
\KV@toks@=\toks17
) ("C:\Users\Junior\AppData\Local\Programs\MiKTeX 2.9\tex/latex/graphics\graphics.sty"
Package: graphics 2020/08/30 v1.4c Standard LaTeX Graphics (DPC,SPQR)
 ("C:\Users\Junior\AppData\Local\Programs\MiKTeX 2.9\tex/latex/graphics\trig.sty"
Package: trig 2016/01/03 v1.10 sin cos tan (DPC)
) ("C:\Users\Junior\AppData\Local\Programs\MiKTeX 2.9\tex/latex/graphics-cfg\graphics.cfg"
File: graphics.cfg 2016/06/04 v1.11 sample graphics configuration
)
Package graphics Info: Driver file: pdftex.def on input line 105.
)
\Gin@req@height=\dimen140
\Gin@req@width=\dimen141
) ("C:\Users\Junior\AppData\Local\Programs\MiKTeX 2.9\tex/latex/wrapfig\wrapfig.sty"
\wrapoverhang=\dimen142
\WF@size=\dimen143
\c@WF@wrappedlines=\count187
\WF@box=\box47
\WF@everypar=\toks18
Package: wrapfig 2003/01/31  v 3.6
) ("C:\Users\Junior\AppData\Local\Programs\MiKTeX 2.9\tex/latex/anysize\anysize.sty"
Package: anysize 1994/08/13 setting margin sizes

document style option `anysize' loaded
Michael Salzenberg, Thomas Esser, Dirk Hillbrecht
Version 1.0, Aug 13, 1994
\@Leftmargin=\dimen144
\@Rightmargin=\dimen145
\@Topmargin=\dimen146
\@Bottommargin=\dimen147
) ("C:\Users\Junior\AppData\Local\Programs\MiKTeX 2.9\tex/latex/hyperref\hyperref.sty"
Package: hyperref 2020-05-15 v7.00e Hypertext links for LaTeX
 ("C:\Users\Junior\AppData\Local\Programs\MiKTeX 2.9\tex/generic/ltxcmds\ltxcmds.sty"
Package: ltxcmds 2020-05-10 v1.25 LaTeX kernel commands for general use (HO)
) ("C:\Users\Junior\AppData\Local\Programs\MiKTeX 2.9\tex/generic/iftex\iftex.sty"
Package: iftex 2020/03/06 v1.0d TeX engine tests
) ("C:\Users\Junior\AppData\Local\Programs\MiKTeX 2.9\tex/generic/pdftexcmds\pdftexcmds.sty"
Package: pdftexcmds 2020-06-27 v0.33 Utility functions of pdfTeX for LuaTeX (HO)
 ("C:\Users\Junior\AppData\Local\Programs\MiKTeX 2.9\tex/generic/infwarerr\infwarerr.sty"
Package: infwarerr 2019/12/03 v1.5 Providing info/warning/error messages (HO)
)
Package pdftexcmds Info: \pdf@primitive is available.
Package pdftexcmds Info: \pdf@ifprimitive is available.
Package pdftexcmds Info: \pdfdraftmode found.
) ("C:\Users\Junior\AppData\Local\Programs\MiKTeX 2.9\tex/generic/kvsetkeys\kvsetkeys.sty"
Package: kvsetkeys 2019/12/15 v1.18 Key value parser (HO)
) ("C:\Users\Junior\AppData\Local\Programs\MiKTeX 2.9\tex/generic/kvdefinekeys\kvdefinekeys.sty"
Package: kvdefinekeys 2019-12-19 v1.6 Define keys (HO)
) ("C:\Users\Junior\AppData\Local\Programs\MiKTeX 2.9\tex/generic/pdfescape\pdfescape.sty"
Package: pdfescape 2019/12/09 v1.15 Implements pdfTeX's escape features (HO)
) ("C:\Users\Junior\AppData\Local\Programs\MiKTeX 2.9\tex/latex/hycolor\hycolor.sty"
Package: hycolor 2020-01-27 v1.10 Color options for hyperref/bookmark (HO)
) ("C:\Users\Junior\AppData\Local\Programs\MiKTeX 2.9\tex/latex/letltxmacro\letltxmacro.sty"
Package: letltxmacro 2019/12/03 v1.6 Let assignment for LaTeX macros (HO)
) ("C:\Users\Junior\AppData\Local\Programs\MiKTeX 2.9\tex/latex/auxhook\auxhook.sty"
Package: auxhook 2019-12-17 v1.6 Hooks for auxiliary files (HO)
) ("C:\Users\Junior\AppData\Local\Programs\MiKTeX 2.9\tex/latex/kvoptions\kvoptions.sty"
Package: kvoptions 2020-10-07 v3.14 Key value format for package options (HO)
)
\@linkdim=\dimen148
\Hy@linkcounter=\count188
\Hy@pagecounter=\count189
 ("C:\Users\Junior\AppData\Local\Programs\MiKTeX 2.9\tex/latex/hyperref\pd1enc.def"
File: pd1enc.def 2020-05-15 v7.00e Hyperref: PDFDocEncoding definition (HO)
Now handling font encoding PD1 ...
... no UTF-8 mapping file for font encoding PD1
) ("C:\Users\Junior\AppData\Local\Programs\MiKTeX 2.9\tex/generic/intcalc\intcalc.sty"
Package: intcalc 2019/12/15 v1.3 Expandable calculations with integers (HO)
) ("C:\Users\Junior\AppData\Local\Programs\MiKTeX 2.9\tex/generic/etexcmds\etexcmds.sty"
Package: etexcmds 2019/12/15 v1.7 Avoid name clashes with e-TeX commands (HO)
)
\Hy@SavedSpaceFactor=\count190


Package hyperref Warning: Unexpected value for option `pdftex'
(hyperref)                is ignored on input line 4338.

Package hyperref Info: Option `colorlinks' set `true' on input line 4338.
Package hyperref Info: Option `bookmarksopen' set `true' on input line 4338.
Package hyperref Info: Hyper figures OFF on input line 4464.
Package hyperref Info: Link nesting OFF on input line 4469.
Package hyperref Info: Hyper index ON on input line 4472.
Package hyperref Info: Plain pages OFF on input line 4479.
Package hyperref Info: Backreferencing OFF on input line 4484.
Package hyperref Info: Implicit mode ON; LaTeX internals redefined.
Package hyperref Info: Bookmarks ON on input line 4717.
\c@Hy@tempcnt=\count191
("C:\Users\Junior\AppData\Local\Programs\MiKTeX 2.9\tex/latex/url\url.sty"
\Urlmuskip=\muskip16
Package: url 2013/09/16  ver 3.4  Verb mode for urls, etc.
)
LaTeX Info: Redefining \url on input line 5076.
\XeTeXLinkMargin=\dimen149
 ("C:\Users\Junior\AppData\Local\Programs\MiKTeX 2.9\tex/generic/bitset\bitset.sty"
Package: bitset 2019/12/09 v1.3 Handle bit-vector datatype (HO)
 ("C:\Users\Junior\AppData\Local\Programs\MiKTeX 2.9\tex/generic/bigintcalc\bigintcalc.sty"
Package: bigintcalc 2019/12/15 v1.5 Expandable calculations on big integers (HO)
))
\Fld@menulength=\count192
\Field@Width=\dimen150
\Fld@charsize=\dimen151
Package hyperref Info: Hyper figures OFF on input line 6347.
Package hyperref Info: Link nesting OFF on input line 6352.
Package hyperref Info: Hyper index ON on input line 6355.
Package hyperref Info: backreferencing OFF on input line 6362.
Package hyperref Info: Link coloring ON on input line 6365.
Package hyperref Info: Link coloring with OCG OFF on input line 6372.
Package hyperref Info: PDF/A mode OFF on input line 6377.
LaTeX Info: Redefining \ref on input line 6417.
LaTeX Info: Redefining \pageref on input line 6421.
 ("C:\Users\Junior\AppData\Local\Programs\MiKTeX 2.9\tex/latex/base\atbegshi-ltx.sty"
Package: atbegshi-ltx 2020/08/17 v1.0a Emulation of the original atbegshi package
with kernel methods
)
\Hy@abspage=\count193
\c@Item=\count194
\c@Hfootnote=\count195
)
Package hyperref Info: Driver: hpdftex.
 ("C:\Users\Junior\AppData\Local\Programs\MiKTeX 2.9\tex/latex/hyperref\hpdftex.def"
File: hpdftex.def 2020-05-15 v7.00e Hyperref driver for pdfTeX
 ("C:\Users\Junior\AppData\Local\Programs\MiKTeX 2.9\tex/latex/base\atveryend-ltx.sty"
Package: atveryend-ltx 2020/08/19 v1.0a Emulation of the original atvery package
with kernel methods
)
\Fld@listcount=\count196
\c@bookmark@seq@number=\count197
 ("C:\Users\Junior\AppData\Local\Programs\MiKTeX 2.9\tex/latex/rerunfilecheck\rerunfilecheck.sty"
Package: rerunfilecheck 2019/12/05 v1.9 Rerun checks for auxiliary files (HO)
 ("C:\Users\Junior\AppData\Local\Programs\MiKTeX 2.9\tex/generic/uniquecounter\uniquecounter.sty"
Package: uniquecounter 2019/12/15 v1.4 Provide unlimited unique counter (HO)
)
Package uniquecounter Info: New unique counter `rerunfilecheck' on input line 286.
)
\Hy@SectionHShift=\skip49
) ("C:\Users\Junior\AppData\Local\Programs\MiKTeX 2.9\tex/latex/bookmark\bookmark.sty"
Package: bookmark 2020-11-06 v1.29 PDF bookmarks (HO)
 ("C:\Users\Junior\AppData\Local\Programs\MiKTeX 2.9\tex/latex/bookmark\bkm-pdftex.def"
File: bkm-pdftex.def 2020-11-06 v1.29 bookmark driver for pdfTeX (HO)
\BKM@id=\count198
)) ("C:\Users\Junior\AppData\Local\Programs\MiKTeX 2.9\tex/latex/amsfonts\amssymb.sty"
Package: amssymb 2013/01/14 v3.01 AMS font symbols
 ("C:\Users\Junior\AppData\Local\Programs\MiKTeX 2.9\tex/latex/amsfonts\amsfonts.sty"
Package: amsfonts 2013/01/14 v3.01 Basic AMSFonts support
\@emptytoks=\toks19
\symAMSa=\mathgroup4
\symAMSb=\mathgroup5
LaTeX Font Info:    Redeclaring math symbol \hbar on input line 98.
LaTeX Font Info:    Overwriting math alphabet `\mathfrak' in version `bold'
(Font)                  U/euf/m/n --> U/euf/b/n on input line 106.
)) ("C:\Users\Junior\AppData\Local\Programs\MiKTeX 2.9\tex/latex/amsmath\amsmath.sty"
Package: amsmath 2020/09/23 v2.17i AMS math features
\@mathmargin=\skip50

For additional information on amsmath, use the `?' option.
("C:\Users\Junior\AppData\Local\Programs\MiKTeX 2.9\tex/latex/amsmath\amstext.sty"
Package: amstext 2000/06/29 v2.01 AMS text
 ("C:\Users\Junior\AppData\Local\Programs\MiKTeX 2.9\tex/latex/amsmath\amsgen.sty"
File: amsgen.sty 1999/11/30 v2.0 generic functions
\@emptytoks=\toks20
\ex@=\dimen152
)) ("C:\Users\Junior\AppData\Local\Programs\MiKTeX 2.9\tex/latex/amsmath\amsbsy.sty"
Package: amsbsy 1999/11/29 v1.2d Bold Symbols
\pmbraise@=\dimen153
) ("C:\Users\Junior\AppData\Local\Programs\MiKTeX 2.9\tex/latex/amsmath\amsopn.sty"
Package: amsopn 2016/03/08 v2.02 operator names
)
\inf@bad=\count199
LaTeX Info: Redefining \frac on input line 234.
\uproot@=\count266
\leftroot@=\count267
LaTeX Info: Redefining \overline on input line 399.
\classnum@=\count268
\DOTSCASE@=\count269
LaTeX Info: Redefining \ldots on input line 496.
LaTeX Info: Redefining \dots on input line 499.
LaTeX Info: Redefining \cdots on input line 620.
\Mathstrutbox@=\box48
\strutbox@=\box49
\big@size=\dimen154
LaTeX Font Info:    Redeclaring font encoding OML on input line 743.
LaTeX Font Info:    Redeclaring font encoding OMS on input line 744.
\macc@depth=\count270
\c@MaxMatrixCols=\count271
\dotsspace@=\muskip17
\c@parentequation=\count272
\dspbrk@lvl=\count273
\tag@help=\toks21
\row@=\count274
\column@=\count275
\maxfields@=\count276
\andhelp@=\toks22
\eqnshift@=\dimen155
\alignsep@=\dimen156
\tagshift@=\dimen157
\tagwidth@=\dimen158
\totwidth@=\dimen159
\lineht@=\dimen160
\@envbody=\toks23
\multlinegap=\skip51
\multlinetaggap=\skip52
\mathdisplay@stack=\toks24
LaTeX Info: Redefining \[ on input line 2923.
LaTeX Info: Redefining \] on input line 2924.
) ("C:\Users\Junior\AppData\Local\Programs\MiKTeX 2.9\tex/latex/cancel\cancel.sty"
Package: cancel 2013/04/12 v2.2 Cancel math terms
)
LaTeX Font Info:    Trying to load font information for OT1+pbk on input line 13.
 ("C:\Users\Junior\AppData\Local\Programs\MiKTeX 2.9\tex/latex/psnfss\ot1pbk.fd"
File: ot1pbk.fd 2001/06/04 font definitions for OT1/pbk.
)
LaTeX Font Info:    Font shape `OT1/pbk/m/n' in size <10> not available
(Font)              Font shape `OT1/pbk/l/n' tried instead on input line 13.
 ("C:\Users\Junior\AppData\Local\Programs\MiKTeX 2.9\tex/latex/l3backend\l3backend-pdftex.def"
File: l3backend-pdftex.def 2021-01-09 L3 backend support: PDF output (pdfTeX)
\l__kernel_color_stack_int=\count277
\l__pdf_internal_box=\box50
) (c:/Git\Pre_Fisica_USB\FS-2211\Resumenes\R-FS2211.aux)
\openout1 = `R-FS2211.aux'.

LaTeX Font Info:    Checking defaults for OML/cmm/m/it on input line 13.
LaTeX Font Info:    ... okay on input line 13.
LaTeX Font Info:    Checking defaults for OMS/cmsy/m/n on input line 13.
LaTeX Font Info:    ... okay on input line 13.
LaTeX Font Info:    Checking defaults for OT1/cmr/m/n on input line 13.
LaTeX Font Info:    ... okay on input line 13.
LaTeX Font Info:    Checking defaults for T1/cmr/m/n on input line 13.
LaTeX Font Info:    ... okay on input line 13.
LaTeX Font Info:    Checking defaults for TS1/cmr/m/n on input line 13.
LaTeX Font Info:    ... okay on input line 13.
LaTeX Font Info:    Checking defaults for OMX/cmex/m/n on input line 13.
LaTeX Font Info:    ... okay on input line 13.
LaTeX Font Info:    Checking defaults for U/cmr/m/n on input line 13.
LaTeX Font Info:    ... okay on input line 13.
LaTeX Font Info:    Checking defaults for PD1/pdf/m/n on input line 13.
LaTeX Font Info:    ... okay on input line 13.
 ("C:\Users\Junior\AppData\Local\Programs\MiKTeX 2.9\tex/context/base/mkii\supp-pdf.mkii"
[Loading MPS to PDF converter (version 2006.09.02).]
\scratchcounter=\count278
\scratchdimen=\dimen161
\scratchbox=\box51
\nofMPsegments=\count279
\nofMParguments=\count280
\everyMPshowfont=\toks25
\MPscratchCnt=\count281
\MPscratchDim=\dimen162
\MPnumerator=\count282
\makeMPintoPDFobject=\count283
\everyMPtoPDFconversion=\toks26
) ("C:\Users\Junior\AppData\Local\Programs\MiKTeX 2.9\tex/latex/epstopdf-pkg\epstopdf-base.sty"
Package: epstopdf-base 2020-01-24 v2.11 Base part for package epstopdf
Package epstopdf-base Info: Redefining graphics rule for `.eps' on input line 485.
)
Package hyperref Info: Link coloring ON on input line 13.
 ("C:\Users\Junior\AppData\Local\Programs\MiKTeX 2.9\tex/latex/hyperref\nameref.sty"
Package: nameref 2019/09/16 v2.46 Cross-referencing by name of section
 ("C:\Users\Junior\AppData\Local\Programs\MiKTeX 2.9\tex/latex/refcount\refcount.sty"
Package: refcount 2019/12/15 v3.6 Data extraction from label references (HO)
) ("C:\Users\Junior\AppData\Local\Programs\MiKTeX 2.9\tex/generic/gettitlestring\gettitlestring.sty"
Package: gettitlestring 2019/12/15 v1.6 Cleanup title references (HO)
)
\c@section@level=\count284
)
LaTeX Info: Redefining \ref on input line 13.
LaTeX Info: Redefining \pageref on input line 13.
LaTeX Info: Redefining \nameref on input line 13.

Overfull \hbox (6.35498pt too wide) in paragraph at lines 15--20
[]\OT1/pbk/l/n/10 La carga electrica, representada por el simbolo Q o q, es una cantidad escalar que caracteriza
 []


Underfull \hbox (badness 10000) in paragraph at lines 15--20

 []

LaTeX Font Info:    Trying to load font information for U+msa on input line 22.
("C:\Users\Junior\AppData\Local\Programs\MiKTeX 2.9\tex/latex/amsfonts\umsa.fd"
File: umsa.fd 2013/01/14 v3.01 AMS symbols A
)
LaTeX Font Info:    Trying to load font information for U+msb on input line 22.
 ("C:\Users\Junior\AppData\Local\Programs\MiKTeX 2.9\tex/latex/amsfonts\umsb.fd"
File: umsb.fd 2013/01/14 v3.01 AMS symbols B
)
Underfull \hbox (badness 10000) in paragraph at lines 21--24

 []


Underfull \hbox (badness 10000) in paragraph at lines 25--28

 []

LaTeX Font Info:    Font shape `OT1/pbk/m/n' in size <14.4> not available
(Font)              Font shape `OT1/pbk/l/n' tried instead on input line 32.
LaTeX Font Info:    Font shape `OT1/pbk/b/n' in size <14.4> not available
(Font)              Font shape `OT1/pbk/db/n' tried instead on input line 32.

Underfull \hbox (badness 10000) in paragraph at lines 34--36

 []


Underfull \hbox (badness 10000) in paragraph at lines 37--39

 []

[1

{C:/Users/Junior/AppData/Local/MiKTeX/2.9/pdftex/config/pdftex.map}] [2] (c:/Git\Pre_Fisica_USB\FS-2211\Resumenes\R-FS2211.aux) ) 
Here is how much of TeX's memory you used:
 7471 strings out of 479618
 113803 string characters out of 2862615
 429830 words of memory out of 3000000
 24497 multiletter control sequences out of 15000+200000
 407681 words of font info for 40 fonts, out of 3000000 for 9000
 1141 hyphenation exceptions out of 8191
 71i,6n,74p,257b,337s stack positions out of 5000i,500n,10000p,200000b,50000s
{C:/Users/Junior/AppData/Local/Programs/MiKTeX 2.9/fonts/enc/dvips/base/8r.enc}<C:/Users/Junior/AppData/Local/Programs/MiKTeX 2.9/fonts/type1/public/amsfonts/cm/cmmi10.pfb><C:/Users/Junior/AppData/Local/Programs/MiKTeX 2.9/fonts/type1/public/amsfonts/cm/cmr10.pfb><C:/Users/Junior/AppData/Local/Programs/MiKTeX 2.9/fonts/type1/public/amsfonts/cm/cmr7.pfb><C:/Users/Junior/AppData/Local/Programs/MiKTeX 2.9/fonts/type1/public/amsfonts/cm/cmsy10.pfb><C:/Users/Junior/AppData/Local/Programs/MiKTeX 2.9/fonts/type1/public/amsfonts/symbols/msam10.pfb><C:/Users/Junior/AppData/Local/Programs/MiKTeX 2.9/fonts/type1/public/amsfonts/symbols/msbm10.pfb><C:/Users/Junior/AppData/Local/Programs/MiKTeX 2.9/fonts/type1/urw/bookman/ubkd8a.pfb><C:/Users/Junior/AppData/Local/Programs/MiKTeX 2.9/fonts/type1/urw/bookman/ubkl8a.pfb>
Output written on c:/Git\Pre_Fisica_USB\FS-2211\Resumenes\R-FS2211.pdf (2 pages, 78056 bytes).
PDF statistics:
 50 PDF objects out of 1000 (max. 8388607)
 5 named destinations out of 1000 (max. 500000)
 1 words of extra memory for PDF output out of 10000 (max. 10000000)

